1000,0.258762,0.378392
1001,0.264512,0.384385
1002,0.270512,0.384433
1003,0.271253,0.378483
1004,0.270611,0.384482
1005,0.270689,0.372462
1006,0.277286,0.390427
1007,0.330677,0.546312
1008,0.276565,0.396461
1009,0.270658,0.379116
1010,0.270662,0.372484
1011,0.270647,0.390456
1012,0.270598,0.391086
1013,0.270692,0.378539
1014,0.264664,0.372524
1015,0.270613,0.379096
1016,0.276567,0.384440
1017,0.276661,0.378495
1018,0.264612,0.391117
1019,0.264674,0.378441
1020,0.270643,0.390469
1021,0.270623,0.378485
1022,0.277303,0.378463
1023,0.270558,0.384563
1024,0.270717,0.384495
1025,0.283306,0.402575
1026,0.282574,0.396487
1027,0.294630,0.402453
1028,0.289219,0.390458
1029,0.282637,0.402502
1030,0.294634,0.528413
1031,0.283247,0.402440
1032,0.288600,0.408412
1033,0.282633,0.396493
1034,0.282642,0.397103
1035,0.288654,0.396513
1036,0.288619,0.408455
1037,0.426454,0.475037
1038,0.282616,0.396464
1039,0.294641,0.402444
1040,0.294612,0.403110
1041,0.294607,0.384589
1042,0.294560,0.402524
1043,0.282564,0.391167
1044,0.282635,0.402443
1045,0.288558,0.402561
1046,0.282640,0.409110
1047,0.294658,0.396562
1048,0.288599,0.402507
1049,0.288555,0.403194
1050,0.288593,0.402485
1051,0.288620,0.534295
1052,0.288654,0.408477
1053,0.289313,0.396591
1054,0.282679,0.402510
1055,0.294551,0.408479
1056,0.301165,0.408531
1057,0.366487,0.402494
1058,0.294636,0.396490
1059,0.295244,0.408531
1060,0.288595,0.402483
1061,0.294638,0.390471
1062,0.295250,0.396499
1063,0.288637,0.408457
1064,0.300651,0.408544
1065,0.301259,0.408507
1066,0.294569,0.402533
1067,0.300595,0.414459
1068,0.295239,0.414366
1069,0.288631,0.468425
1070,0.294710,0.408466
1071,0.295251,0.414418
1072,0.300640,0.408426
1073,0.300576,0.408502
1074,0.294682,0.415147
1075,0.300723,0.426519
1076,0.294717,0.480484
1077,0.307207,0.414459
1078,0.300612,0.408468
1079,0.300592,0.420450
1080,0.306551,0.415052
1081,0.300656,0.414488
1082,0.300583,0.408461
1083,0.300627,0.510949
1084,0.306595,0.414473
1085,0.306523,0.408451
1086,0.306661,0.421029
1087,0.300609,0.408490
1088,0.300569,0.420495
1089,0.300553,0.414452
1090,0.301221,0.414462
1091,0.300608,0.420469
1092,0.300590,0.444461
1093,0.301246,0.414438
1094,0.300643,0.420382
1095,0.306576,0.420439
1096,0.307242,0.426413
1097,0.312548,0.420432
1098,0.312606,0.408547
1099,0.301179,0.414470
1100,0.306597,0.426422
1101,0.306642,0.528273
1102,0.312640,0.421826
1103,0.300562,0.414484
1104,0.300621,0.432474
1105,0.300613,0.415087
1106,0.306597,0.426424
1107,0.312623,0.414456
1108,0.312510,0.427178
1109,0.300603,0.420428
1110,0.306664,0.426468
1111,0.306584,0.415047
1112,0.312603,0.432415
1113,0.306612,0.420444
1114,0.318618,0.426416
1115,0.307226,0.420477
1116,0.312609,0.426460
1117,0.312589,0.426420
1118,0.283286,0.426414
1119,0.300557,0.432430
1120,0.288575,0.426409
1121,0.295295,0.414454
1122,0.276645,0.420415
1123,0.294605,0.414433
1124,0.294622,0.427063
1125,0.300581,0.432441
1126,0.300610,0.426387
1127,0.306679,0.441345
1128,0.298332,0.432407
1129,0.300576,0.426441
1130,0.282630,0.427033
1131,0.294622,0.426419
1132,0.288639,0.444468
1133,0.288586,0.445039
1134,0.294598,0.426640
1135,0.300454,0.462337
1136,0.312644,0.438401
1137,0.313164,0.438455
1138,0.312579,0.438487
1139,0.324520,0.444385
1140,0.325218,0.438405
1141,0.360575,0.444402
1142,0.306624,0.420474
1143,0.307253,0.432433
1144,0.318631,0.438511
1145,0.312557,0.432405
1146,0.313219,0.426449
1147,0.306597,0.522352
1148,0.306586,0.438383
1149,0.312615,0.445003
1150,0.312717,0.432443
1151,0.312623,0.432401
1152,0.318593,0.451019
1153,0.318603,0.444413
1154,0.324612,0.504345
1155,0.318573,0.439105
1156,0.324527,0.444393
1157,0.324621,0.432439
1158,0.330545,0.433064
1159,0.324612,0.432412
1160,0.312603,0.450432
1161,0.324598,0.456463
1162,0.325198,0.438413
1163,0.324616,0.456392
1164,0.330571,0.450371
1165,0.325173,0.438488
1166,0.324540,0.432414
1167,0.318664,0.438454
1168,0.331225,0.444323
1169,0.324611,0.444387
1170,0.318633,0.438388
1171,0.319221,0.438429
1172,0.420497,0.444442
1173,0.318582,0.438419
1174,0.330602,0.522930
1175,0.318609,0.444499
1176,0.324477,0.456394
1177,0.726117,0.439078
1178,0.324543,0.444427
1179,0.318624,0.450378
1180,0.330591,0.528913
1181,0.330583,0.444409
1182,0.318504,0.444410
1183,0.324611,0.450401
1184,0.331241,0.462447
1185,0.318598,0.444428
1186,0.324541,0.456381
1187,0.319260,0.456425
1188,0.330570,0.450368
1189,0.324664,0.450399
1190,0.331220,0.450450
1191,0.330572,0.456404
1192,0.330577,0.456390
1193,0.325219,0.534331
1194,0.330566,0.450403
1195,0.330542,0.456488
1196,0.337153,0.444385
1197,0.336581,0.444390
1198,0.414489,0.456396
1199,0.330539,0.456993
1200,0.336603,0.450383
1201,0.330628,0.654240
1202,0.324545,0.451061
1203,0.324572,0.450425
1204,0.336546,0.456407
1205,0.324530,0.445036
1206,0.318601,0.444430
1207,0.324569,0.456445
1208,0.348526,0.450409
1209,0.325237,0.456418
1210,0.330542,0.462390
1211,0.324570,0.456441
1212,0.337206,0.462427
1213,0.336658,0.450379
1214,0.330600,0.552280
1215,0.337208,0.456395
1216,0.336571,0.462378
1217,0.324767,0.456171
1218,0.331213,0.468457
1219,0.330551,0.474389
1220,0.336591,0.462398
1221,0.330525,0.457016
1222,0.330537,0.462409
1223,0.330542,0.468338
1224,0.330641,0.475080
1225,0.330590,0.474349
1226,0.336592,0.462350
1227,0.348565,0.457060
1228,0.330560,0.474374
1229,0.426467,0.462398
1230,0.336615,0.469060
1231,0.336528,0.474385
1232,0.342828,0.569974
1233,0.336595,0.474374
1234,0.349140,1.127635
1235,0.336554,0.456449
1236,0.336588,0.480338
1237,0.331220,0.468419
1238,0.336438,0.468430
1239,0.324611,0.468440
1240,0.337167,0.468416
1241,0.330582,0.456438
1242,0.336560,0.474380
1243,0.337194,0.474425
1244,0.342576,0.468374
1245,0.336521,0.468383
1246,0.330586,0.469022
1247,0.342603,0.468460
1248,0.342541,0.480365
1249,0.336604,0.469018
1250,0.342453,0.474400
1251,0.336557,0.474374
1252,0.342572,0.475062
1253,0.336546,0.474380
1254,0.336604,0.468375
1255,0.336582,0.462368
1256,0.343171,0.468374
1257,0.330512,0.480361
1258,0.342544,0.552330
1259,0.343196,0.480358
1260,0.354523,0.486401
1261,0.342487,0.468363
1262,0.343190,0.468410
1263,0.516315,0.474366
1264,0.342600,0.546404
1265,0.348457,0.475010
1266,0.336656,0.468380
1267,0.342563,0.474413
1268,0.348552,0.481020
1269,0.342489,0.474382
1270,0.342630,0.690164
1271,0.342602,0.486937
1272,0.354553,0.480390
1273,0.360679,0.480403
1274,0.348516,0.474997
1275,0.342605,0.492522
1276,0.348582,0.528358
1277,0.348578,0.484682
1278,0.342605,0.474353
1279,0.959855,0.474393
1280,0.349161,0.492358
1281,0.354559,0.474442
1282,0.498340,0.480331
1283,0.355212,0.498336
1284,0.360531,0.486406
1285,0.354540,0.480355
1286,0.354520,0.474982
1287,0.354699,0.486354
1288,0.354528,0.498356
1289,0.348606,0.486928
1290,0.360553,0.492352
1291,0.348576,0.480427
1292,0.354622,0.486415
1293,0.348533,0.481030
1294,0.360540,0.492377
1295,0.360524,0.492392
1296,0.360502,0.487017
1297,0.354482,0.486440
1298,0.354553,0.492398
1299,0.330614,0.493041
1300,0.827955,0.504314
1301,0.330551,0.474395
1302,0.330570,0.487016
1303,0.312598,0.486365
1304,0.324632,0.480428
1305,0.330592,0.492959
1306,0.318629,0.498328
1307,0.330565,0.492351
1308,0.348565,0.498424
1309,0.313189,0.486340
1310,0.324615,0.498429
1311,0.342491,0.486402
1312,0.325193,0.498343
1313,0.324616,0.498313
1314,0.336558,0.486376
1315,0.337114,0.492404
1316,0.324627,0.510286
1317,0.324602,0.492358
1318,0.331321,0.546308
1319,0.336561,0.492345
1320,0.318604,0.504356
1321,0.318642,0.505009
1322,0.330645,0.486318
1323,0.336526,0.492400
1324,0.342578,0.576857
1325,0.330595,0.492356
1326,0.312607,0.504324
1327,0.348595,0.511012
1328,0.330566,0.504344
1329,0.336523,0.504350
1330,0.342577,0.606888
1331,0.324589,0.498389
1332,0.330486,0.510400
1333,0.330605,0.504308
1334,0.331215,0.492387
1335,0.324584,0.504325
1336,0.336590,0.504325
1337,0.331215,0.510341
1338,0.330608,0.510396
1339,0.324563,0.516322
1340,0.331162,0.504355
1341,0.318586,0.504352
1342,0.330584,0.510318
1343,0.330585,0.504965
1344,0.342632,0.510371
1345,0.330599,0.516324
1346,0.330607,0.504942
1347,0.324581,0.504355
1348,0.330573,0.516333
1349,0.342514,0.504979
1350,0.342644,0.510362
1351,0.318605,0.504329
1352,0.318634,0.510992
1353,0.324587,0.498365
1354,0.312574,0.504338
1355,0.342589,0.517006
1356,0.336609,0.504357
1357,0.324543,0.510321
1358,0.324599,0.510374
1359,0.325211,0.510287
1360,0.342597,0.516299
1361,0.330668,0.504388
1362,0.343185,0.516360
1363,0.342556,0.516298
1364,0.336575,0.516339
1365,0.373184,0.522325
1366,0.372516,0.522337
1367,0.366567,0.522384
1368,0.552888,0.534315
1369,0.366564,0.522290
1370,0.372604,0.522297
1371,0.372501,0.522953
1372,0.378518,0.522407
1373,0.372556,0.612274
1374,0.366516,0.510926
1375,0.360513,0.522333
1376,0.366526,0.522313
1377,0.360565,0.516990
1378,0.372564,0.516377
1379,0.372547,0.516312
1380,0.372507,0.534933
1381,0.360536,0.504332
1382,0.360559,0.516300
1383,0.486411,0.516336
1384,0.373192,0.522418
1385,0.366559,0.510409
1386,0.360541,0.498341
1387,0.361196,0.516326
1388,0.360531,0.504367
1389,0.354518,0.510348
1390,0.361254,0.504407
1391,0.360509,0.510335
1392,0.366518,0.522327
1393,0.373129,0.522356
1394,0.366523,0.594212
1395,0.372544,0.516395
1396,0.373134,0.528416
1397,0.366543,0.516282
1398,0.372574,0.510303
1399,0.366515,0.510963
1400,0.366550,0.522289
1401,0.366637,0.522335
1402,0.366578,0.516946
1403,0.360558,0.516332
1404,0.372512,0.522326
1405,0.366575,0.528916
1406,0.366528,0.522310
1407,0.366611,0.510381
1408,0.372500,0.510998
1409,0.366528,0.528306
1410,0.366551,0.522343
1411,0.372538,0.522305
1412,0.385115,0.528353
1413,0.372519,0.522389
1414,0.378460,0.522372
1415,0.379162,0.546348
1416,0.378509,0.522359
1417,0.342538,0.528332
1418,0.325209,0.528358
1419,0.330608,0.522304
1420,0.330613,0.534311
1421,0.331159,0.522305
1422,0.336572,0.534411
1423,0.342573,0.618210
1424,0.349243,0.528356
1425,0.348591,0.522330
1426,0.342568,0.516294
1427,0.342547,0.522938
1428,0.348564,0.522328
1429,0.342561,0.666215
1430,0.336654,0.528928
1431,0.348611,0.522360
1432,0.342549,0.540317
1433,0.348586,0.516929
1434,0.342579,0.534328
1435,0.330591,0.540331
1436,0.360528,0.528952
1437,0.330599,0.534334
1438,0.336539,0.534304
1439,0.348561,0.522340
1440,0.355169,0.540301
1441,0.348593,0.534345
1442,0.342556,0.522279
1443,0.331209,0.528333
1444,0.330532,0.528317
1445,0.348591,0.534272
1446,0.343215,0.540287
1447,0.348614,0.528369
1448,0.330612,0.552391
1449,0.349096,0.540334
1450,0.342561,0.528299
1451,0.336533,0.534316
1452,0.336584,0.547002
1453,0.330544,0.546297
1454,0.366564,0.540270
1455,0.348561,0.528950
1456,0.342572,0.546309
1457,0.360530,0.534333
1458,0.360572,0.534939
1459,0.366577,0.528333
1460,0.342553,0.558261
1461,0.342606,0.528911
1462,0.348527,0.528333
1463,0.336569,0.540307
1464,0.348626,0.540942
1465,0.414521,0.540290
1466,0.336585,0.540318
1467,0.342575,0.540276
1468,0.367099,0.534336
1469,0.342554,0.540343
1470,0.342583,0.540382
1471,0.355148,0.540312
1472,0.354509,0.540324
1473,0.330591,0.540260
1474,0.337206,0.552359
1475,0.408506,0.552333
1476,0.348561,0.582258
1477,0.348494,0.540934
1478,0.342579,0.540304
1479,0.342567,0.546297
1480,0.366504,0.564896
1481,0.342595,0.546378
1482,0.348536,0.540299
1483,0.330616,0.546932
1484,0.348539,0.552295
1485,0.354566,0.552292
1486,0.342553,0.546939
1487,0.348554,0.546404
1488,0.294594,0.546337
1489,0.342554,0.546892
1490,0.342603,0.558262
1491,0.354559,0.546307
1492,0.354543,0.564323
1493,0.367200,0.546277
1494,0.420477,0.546324
1495,0.354462,0.546301
1496,0.361183,0.546331
1497,0.342559,0.540289
1498,0.348556,0.552368
1499,0.343147,0.612235
1500,0.354541,0.552294
