Server listening on 0.0.0.0:50051
Server listening on 0.0.0.0:50051
GetAttr: /tmp/tafs/ 
GetAttr: /tmp/tafs/ 
ReadDir: /tmp/tafs/ 
GetAttr: /tmp/tafs/f21 
GetAttr: /tmp/tafs/f27 
GetAttr: /tmp/tafs/f24 
GetAttr: /tmp/tafs/f31 
GetAttr: /tmp/tafs/f12 
GetAttr: /tmp/tafs/f43 
GetAttr: /tmp/tafs/f5 
GetAttr: /tmp/tafs/f18 
GetAttr: /tmp/tafs/f22 
GetAttr: /tmp/tafs/f42 
GetAttr: /tmp/tafs/f11 
GetAttr: /tmp/tafs/f30 
GetAttr: /tmp/tafs/f6 
GetAttr: /tmp/tafs/f3 
GetAttr: /tmp/tafs/f4 
GetAttr: /tmp/tafs/f10 
GetAttr: /tmp/tafs/f32 
GetAttr: /tmp/tafs/f36 
GetAttr: /tmp/tafs/f19 
GetAttr: /tmp/tafs/f29 
GetAttr: /tmp/tafs/f8 
GetAttr: /tmp/tafs/f39 
GetAttr: /tmp/tafs/f33 
GetAttr: /tmp/tafs/f17 
GetAttr: /tmp/tafs/f26 
GetAttr: /tmp/tafs/f38 
GetAttr: /tmp/tafs/f28 
GetAttr: /tmp/tafs/f48 
GetAttr: /tmp/tafs/f2 
GetAttr: /tmp/tafs/f44 
GetAttr: /tmp/tafs/f35 
GetAttr: /tmp/tafs/f20 
GetAttr: /tmp/tafs/f37 
GetAttr: /tmp/tafs/f16 
GetAttr: /tmp/tafs/f40 
GetAttr: /tmp/tafs/f46 
GetAttr: /tmp/tafs/f7 
GetAttr: /tmp/tafs/f15 
GetAttr: /tmp/tafs/f34 
GetAttr: /tmp/tafs/f49 
GetAttr: /tmp/tafs/f50 
GetAttr: /tmp/tafs/f45 
GetAttr: /tmp/tafs/f9 
GetAttr: /tmp/tafs/f47 
GetAttr: /tmp/tafs/f1 
GetAttr: /tmp/tafs/f14 
GetAttr: /tmp/tafs/f23 
GetAttr: /tmp/tafs/f25 
GetAttr: /tmp/tafs/f13 
GetAttr: /tmp/tafs/f41 
ReadDir: /tmp/tafs/ 
GetAttr: /tmp/tafs/ 
GetAttr: /tmp/tafs/f1 
Unlink: /tmp/tafs/f1 
GetAttr: /tmp/tafs/f10 
Unlink: /tmp/tafs/f10 
GetAttr: /tmp/tafs/f11 
Unlink: /tmp/tafs/f11 
GetAttr: /tmp/tafs/f12 
Unlink: /tmp/tafs/f12 
GetAttr: /tmp/tafs/f13 
Unlink: /tmp/tafs/f13 
GetAttr: /tmp/tafs/f14 
Unlink: /tmp/tafs/f14 
GetAttr: /tmp/tafs/f15 
Unlink: /tmp/tafs/f15 
GetAttr: /tmp/tafs/f16 
Unlink: /tmp/tafs/f16 
GetAttr: /tmp/tafs/f17 
Unlink: /tmp/tafs/f17 
GetAttr: /tmp/tafs/f18 
Unlink: /tmp/tafs/f18 
GetAttr: /tmp/tafs/f19 
Unlink: /tmp/tafs/f19 
GetAttr: /tmp/tafs/f2 
Unlink: /tmp/tafs/f2 
GetAttr: /tmp/tafs/f20 
Unlink: /tmp/tafs/f20 
GetAttr: /tmp/tafs/f21 
Unlink: /tmp/tafs/f21 
GetAttr: /tmp/tafs/f22 
Unlink: /tmp/tafs/f22 
GetAttr: /tmp/tafs/f23 
Unlink: /tmp/tafs/f23 
GetAttr: /tmp/tafs/f24 
Unlink: /tmp/tafs/f24 
GetAttr: /tmp/tafs/f25 
Unlink: /tmp/tafs/f25 
GetAttr: /tmp/tafs/f26 
Unlink: /tmp/tafs/f26 
GetAttr: /tmp/tafs/f27 
Unlink: /tmp/tafs/f27 
GetAttr: /tmp/tafs/f28 
Unlink: /tmp/tafs/f28 
GetAttr: /tmp/tafs/f29 
Unlink: /tmp/tafs/f29 
GetAttr: /tmp/tafs/f3 
Unlink: /tmp/tafs/f3 
GetAttr: /tmp/tafs/f30 
Unlink: /tmp/tafs/f30 
GetAttr: /tmp/tafs/f31 
Unlink: /tmp/tafs/f31 
GetAttr: /tmp/tafs/f32 
Unlink: /tmp/tafs/f32 
GetAttr: /tmp/tafs/f33 
Unlink: /tmp/tafs/f33 
GetAttr: /tmp/tafs/f34 
Unlink: /tmp/tafs/f34 
GetAttr: /tmp/tafs/f35 
Unlink: /tmp/tafs/f35 
GetAttr: /tmp/tafs/f36 
Unlink: /tmp/tafs/f36 
GetAttr: /tmp/tafs/f37 
Unlink: /tmp/tafs/f37 
GetAttr: /tmp/tafs/f38 
Unlink: /tmp/tafs/f38 
GetAttr: /tmp/tafs/f39 
Unlink: /tmp/tafs/f39 
GetAttr: /tmp/tafs/f4 
Unlink: /tmp/tafs/f4 
GetAttr: /tmp/tafs/f40 
Unlink: /tmp/tafs/f40 
GetAttr: /tmp/tafs/f41 
Unlink: /tmp/tafs/f41 
GetAttr: /tmp/tafs/f42 
Unlink: /tmp/tafs/f42 
GetAttr: /tmp/tafs/f43 
Unlink: /tmp/tafs/f43 
GetAttr: /tmp/tafs/f44 
Unlink: /tmp/tafs/f44 
GetAttr: /tmp/tafs/f45 
Unlink: /tmp/tafs/f45 
GetAttr: /tmp/tafs/f46 
Unlink: /tmp/tafs/f46 
GetAttr: /tmp/tafs/f47 
Unlink: /tmp/tafs/f47 
GetAttr: /tmp/tafs/f48 
Unlink: /tmp/tafs/f48 
GetAttr: /tmp/tafs/f49 
Unlink: /tmp/tafs/f49 
GetAttr: /tmp/tafs/f5 
Unlink: /tmp/tafs/f5 
GetAttr: /tmp/tafs/f50 
Unlink: /tmp/tafs/f50 
GetAttr: /tmp/tafs/f6 
Unlink: /tmp/tafs/f6 
GetAttr: /tmp/tafs/f7 
Unlink: /tmp/tafs/f7 
GetAttr: /tmp/tafs/f8 
Unlink: /tmp/tafs/f8 
GetAttr: /tmp/tafs/f9 
Unlink: /tmp/tafs/f9 
GetAttr: /tmp/tafs/f1 
Mknod: /tmp/tafs/f1 
GetAttr: /tmp/tafs/f1 
GetAttr: /tmp/tafs/f1 
ReadS: /tmp/tafs/f1 
WriteS:  
GetAttr: /tmp/tafs/f2 
Mknod: /tmp/tafs/f2 
GetAttr: /tmp/tafs/f2 
GetAttr: /tmp/tafs/f2 
ReadS: /tmp/tafs/f2 
WriteS:  
GetAttr: /tmp/tafs/f3 
Mknod: /tmp/tafs/f3 
GetAttr: /tmp/tafs/f3 
GetAttr: /tmp/tafs/f3 
ReadS: /tmp/tafs/f3 
WriteS:  
GetAttr: /tmp/tafs/f4 
Mknod: /tmp/tafs/f4 
GetAttr: /tmp/tafs/f4 
GetAttr: /tmp/tafs/f4 
ReadS: /tmp/tafs/f4 
WriteS:  
GetAttr: /tmp/tafs/f5 
Mknod: /tmp/tafs/f5 
GetAttr: /tmp/tafs/f5 
GetAttr: /tmp/tafs/f5 
ReadS: /tmp/tafs/f5 
WriteS:  
GetAttr: /tmp/tafs/f6 
Mknod: /tmp/tafs/f6 
GetAttr: /tmp/tafs/f6 
GetAttr: /tmp/tafs/f6 
ReadS: /tmp/tafs/f6 
WriteS:  
GetAttr: /tmp/tafs/f7 
Mknod: /tmp/tafs/f7 
GetAttr: /tmp/tafs/f7 
GetAttr: /tmp/tafs/f7 
ReadS: /tmp/tafs/f7 
WriteS:  
GetAttr: /tmp/tafs/f8 
Mknod: /tmp/tafs/f8 
GetAttr: /tmp/tafs/f8 
GetAttr: /tmp/tafs/f8 
ReadS: /tmp/tafs/f8 
WriteS:  
GetAttr: /tmp/tafs/f9 
Mknod: /tmp/tafs/f9 
GetAttr: /tmp/tafs/f9 
GetAttr: /tmp/tafs/f9 
ReadS: /tmp/tafs/f9 
WriteS:  
GetAttr: /tmp/tafs/f10 
Mknod: /tmp/tafs/f10 
GetAttr: /tmp/tafs/f10 
GetAttr: /tmp/tafs/f10 
ReadS: /tmp/tafs/f10 
WriteS:  
GetAttr: /tmp/tafs/f11 
Mknod: /tmp/tafs/f11 
GetAttr: /tmp/tafs/f11 
GetAttr: /tmp/tafs/f11 
ReadS: /tmp/tafs/f11 
WriteS:  
GetAttr: /tmp/tafs/f12 
Mknod: /tmp/tafs/f12 
GetAttr: /tmp/tafs/f12 
GetAttr: /tmp/tafs/f12 
ReadS: /tmp/tafs/f12 
WriteS:  
ReadDir: /tmp/tafs/ 
ReadDir: /tmp/tafs/ 
GetAttr: /tmp/tafs/ 
GetAttr: /tmp/tafs/f13 
Mknod: /tmp/tafs/f13 
GetAttr: /tmp/tafs/f13 
GetAttr: /tmp/tafs/f13 
ReadS: /tmp/tafs/f13 
WriteS:  
GetAttr: /tmp/tafs/f14 
Mknod: /tmp/tafs/f14 
GetAttr: /tmp/tafs/f14 
GetAttr: /tmp/tafs/f14 
ReadS: /tmp/tafs/f14 
WriteS:  
GetAttr: /tmp/tafs/f15 
Mknod: /tmp/tafs/f15 
GetAttr: /tmp/tafs/f15 
GetAttr: /tmp/tafs/f15 
ReadS: /tmp/tafs/f15 
WriteS:  
GetAttr: /tmp/tafs/f16 
Mknod: /tmp/tafs/f16 
GetAttr: /tmp/tafs/f16 
GetAttr: /tmp/tafs/f16 
ReadS: /tmp/tafs/f16 
WriteS:  
GetAttr: /tmp/tafs/f17 
Mknod: /tmp/tafs/f17 
GetAttr: /tmp/tafs/f17 
GetAttr: /tmp/tafs/f17 
ReadS: /tmp/tafs/f17 
WriteS:  
GetAttr: /tmp/tafs/f18 
Mknod: /tmp/tafs/f18 
GetAttr: /tmp/tafs/f18 
GetAttr: /tmp/tafs/f18 
ReadS: /tmp/tafs/f18 
WriteS:  
GetAttr: /tmp/tafs/f19 
Mknod: /tmp/tafs/f19 
GetAttr: /tmp/tafs/f19 
GetAttr: /tmp/tafs/f19 
ReadS: /tmp/tafs/f19 
WriteS:  
GetAttr: /tmp/tafs/f20 
Mknod: /tmp/tafs/f20 
GetAttr: /tmp/tafs/f20 
GetAttr: /tmp/tafs/f20 
ReadS: /tmp/tafs/f20 
WriteS:  
GetAttr: /tmp/tafs/f21 
Mknod: /tmp/tafs/f21 
GetAttr: /tmp/tafs/f21 
GetAttr: /tmp/tafs/f21 
ReadS: /tmp/tafs/f21 
WriteS:  
GetAttr: /tmp/tafs/f22 
Mknod: /tmp/tafs/f22 
GetAttr: /tmp/tafs/f22 
GetAttr: /tmp/tafs/f22 
ReadS: /tmp/tafs/f22 
WriteS:  
GetAttr: /tmp/tafs/f23 
Mknod: /tmp/tafs/f23 
GetAttr: /tmp/tafs/f23 
GetAttr: /tmp/tafs/f23 
ReadS: /tmp/tafs/f23 
WriteS:  
GetAttr: /tmp/tafs/f24 
Mknod: /tmp/tafs/f24 
GetAttr: /tmp/tafs/f24 
GetAttr: /tmp/tafs/f24 
ReadS: /tmp/tafs/f24 
WriteS:  
GetAttr: /tmp/tafs/f25 
Mknod: /tmp/tafs/f25 
GetAttr: /tmp/tafs/f25 
GetAttr: /tmp/tafs/f25 
ReadS: /tmp/tafs/f25 
WriteS:  
GetAttr: /tmp/tafs/f26 
Mknod: /tmp/tafs/f26 
GetAttr: /tmp/tafs/f26 
GetAttr: /tmp/tafs/f26 
ReadS: /tmp/tafs/f26 
WriteS:  
GetAttr: /tmp/tafs/f27 
Mknod: /tmp/tafs/f27 
GetAttr: /tmp/tafs/f27 
GetAttr: /tmp/tafs/f27 
ReadS: /tmp/tafs/f27 
WriteS:  
GetAttr: /tmp/tafs/f28 
Mknod: /tmp/tafs/f28 
GetAttr: /tmp/tafs/f28 
GetAttr: /tmp/tafs/f28 
ReadS: /tmp/tafs/f28 
WriteS:  
GetAttr: /tmp/tafs/f29 
Mknod: /tmp/tafs/f29 
GetAttr: /tmp/tafs/f29 
GetAttr: /tmp/tafs/f29 
ReadS: /tmp/tafs/f29 
WriteS:  
GetAttr: /tmp/tafs/f30 
Mknod: /tmp/tafs/f30 
GetAttr: /tmp/tafs/f30 
GetAttr: /tmp/tafs/f30 
ReadS: /tmp/tafs/f30 
WriteS:  
GetAttr: /tmp/tafs/f31 
Mknod: /tmp/tafs/f31 
GetAttr: /tmp/tafs/f31 
GetAttr: /tmp/tafs/f31 
ReadS: /tmp/tafs/f31 
WriteS:  
GetAttr: /tmp/tafs/f32 
Mknod: /tmp/tafs/f32 
GetAttr: /tmp/tafs/f32 
GetAttr: /tmp/tafs/f32 
ReadS: /tmp/tafs/f32 
WriteS:  
GetAttr: /tmp/tafs/f33 
Mknod: /tmp/tafs/f33 
GetAttr: /tmp/tafs/f33 
GetAttr: /tmp/tafs/f33 
ReadS: /tmp/tafs/f33 
WriteS:  
GetAttr: /tmp/tafs/f34 
Mknod: /tmp/tafs/f34 
GetAttr: /tmp/tafs/f34 
GetAttr: /tmp/tafs/f34 
ReadS: /tmp/tafs/f34 
WriteS:  
GetAttr: /tmp/tafs/f35 
Mknod: /tmp/tafs/f35 
GetAttr: /tmp/tafs/f35 
GetAttr: /tmp/tafs/f35 
ReadS: /tmp/tafs/f35 
WriteS:  
GetAttr: /tmp/tafs/f36 
Mknod: /tmp/tafs/f36 
GetAttr: /tmp/tafs/f36 
GetAttr: /tmp/tafs/f36 
ReadS: /tmp/tafs/f36 
WriteS:  
GetAttr: /tmp/tafs/f37 
Mknod: /tmp/tafs/f37 
GetAttr: /tmp/tafs/f37 
GetAttr: /tmp/tafs/f37 
ReadS: /tmp/tafs/f37 
WriteS:  
GetAttr: /tmp/tafs/f38 
Mknod: /tmp/tafs/f38 
GetAttr: /tmp/tafs/f38 
GetAttr: /tmp/tafs/f38 
ReadS: /tmp/tafs/f38 
WriteS:  
GetAttr: /tmp/tafs/f39 
Mknod: /tmp/tafs/f39 
GetAttr: /tmp/tafs/f39 
GetAttr: /tmp/tafs/f39 
ReadS: /tmp/tafs/f39 
WriteS:  
GetAttr: /tmp/tafs/f40 
Mknod: /tmp/tafs/f40 
GetAttr: /tmp/tafs/f40 
GetAttr: /tmp/tafs/f40 
ReadS: /tmp/tafs/f40 
WriteS:  
GetAttr: /tmp/tafs/f41 
Mknod: /tmp/tafs/f41 
GetAttr: /tmp/tafs/f41 
GetAttr: /tmp/tafs/f41 
ReadS: /tmp/tafs/f41 
WriteS:  
GetAttr: /tmp/tafs/f42 
Mknod: /tmp/tafs/f42 
GetAttr: /tmp/tafs/f42 
GetAttr: /tmp/tafs/f42 
ReadS: /tmp/tafs/f42 
WriteS:  
GetAttr: /tmp/tafs/f43 
Mknod: /tmp/tafs/f43 
GetAttr: /tmp/tafs/f43 
GetAttr: /tmp/tafs/f43 
ReadS: /tmp/tafs/f43 
WriteS:  
GetAttr: /tmp/tafs/f44 
Mknod: /tmp/tafs/f44 
GetAttr: /tmp/tafs/f44 
GetAttr: /tmp/tafs/f44 
ReadS: /tmp/tafs/f44 
WriteS:  
GetAttr: /tmp/tafs/f45 
Mknod: /tmp/tafs/f45 
GetAttr: /tmp/tafs/f45 
GetAttr: /tmp/tafs/f45 
ReadS: /tmp/tafs/f45 
WriteS:  
GetAttr: /tmp/tafs/f46 
Mknod: /tmp/tafs/f46 
GetAttr: /tmp/tafs/f46 
GetAttr: /tmp/tafs/f46 
ReadS: /tmp/tafs/f46 
WriteS:  
GetAttr: /tmp/tafs/f47 
Mknod: /tmp/tafs/f47 
GetAttr: /tmp/tafs/f47 
GetAttr: /tmp/tafs/f47 
ReadS: /tmp/tafs/f47 
WriteS:  
GetAttr: /tmp/tafs/f48 
Mknod: /tmp/tafs/f48 
GetAttr: /tmp/tafs/f48 
GetAttr: /tmp/tafs/f48 
ReadS: /tmp/tafs/f48 
WriteS:  
GetAttr: /tmp/tafs/f49 
Mknod: /tmp/tafs/f49 
GetAttr: /tmp/tafs/f49 
GetAttr: /tmp/tafs/f49 
ReadS: /tmp/tafs/f49 
WriteS:  
GetAttr: /tmp/tafs/f50 
Mknod: /tmp/tafs/f50 
GetAttr: /tmp/tafs/f50 
GetAttr: /tmp/tafs/f50 
ReadS: /tmp/tafs/f50 
WriteS:  
GetAttr: /tmp/tafs/f1 
GetAttr: /tmp/tafs/f1 
ReadS: /tmp/tafs/f1 
GetAttr: /tmp/tafs/f1 
WriteS:  
GetAttr: /tmp/tafs/f1 
GetAttr: /tmp/tafs/f1 
GetAttr: /tmp/tafs/f1 
GetAttr: /tmp/tafs/f2 
GetAttr: /tmp/tafs/f2 
ReadS: /tmp/tafs/f2 
GetAttr: /tmp/tafs/f2 
GetAttr: /tmp/tafs/f2 
GetAttr: /tmp/tafs/f2 
GetAttr: /tmp/tafs/f2 
GetAttr: /tmp/tafs/f3 
GetAttr: /tmp/tafs/f3 
ReadS: /tmp/tafs/f3 
GetAttr: /tmp/tafs/f3 
GetAttr: /tmp/tafs/f3 
GetAttr: /tmp/tafs/f3 
GetAttr: /tmp/tafs/f3 
GetAttr: /tmp/tafs/f4 
GetAttr: /tmp/tafs/f4 
ReadS: /tmp/tafs/f4 
GetAttr: /tmp/tafs/f4 
GetAttr: /tmp/tafs/f4 
GetAttr: /tmp/tafs/f4 
GetAttr: /tmp/tafs/f4 
GetAttr: /tmp/tafs/f5 
GetAttr: /tmp/tafs/f5 
ReadS: /tmp/tafs/f5 
GetAttr: /tmp/tafs/f5 
GetAttr: /tmp/tafs/f5 
GetAttr: /tmp/tafs/f5 
GetAttr: /tmp/tafs/f5 
GetAttr: /tmp/tafs/f6 
GetAttr: /tmp/tafs/f6 
ReadS: /tmp/tafs/f6 
GetAttr: /tmp/tafs/f6 
GetAttr: /tmp/tafs/f6 
GetAttr: /tmp/tafs/f6 
GetAttr: /tmp/tafs/f6 
GetAttr: /tmp/tafs/f7 
GetAttr: /tmp/tafs/f7 
ReadS: /tmp/tafs/f7 
GetAttr: /tmp/tafs/f7 
GetAttr: /tmp/tafs/f7 
GetAttr: /tmp/tafs/f7 
GetAttr: /tmp/tafs/f7 
GetAttr: /tmp/tafs/f8 
GetAttr: /tmp/tafs/f8 
ReadS: /tmp/tafs/f8 
GetAttr: /tmp/tafs/f8 
GetAttr: /tmp/tafs/f8 
GetAttr: /tmp/tafs/f8 
GetAttr: /tmp/tafs/f8 
GetAttr: /tmp/tafs/f9 
GetAttr: /tmp/tafs/f9 
ReadS: /tmp/tafs/f9 
GetAttr: /tmp/tafs/f9 
GetAttr: /tmp/tafs/f9 
GetAttr: /tmp/tafs/f9 
GetAttr: /tmp/tafs/f9 
GetAttr: /tmp/tafs/f10 
GetAttr: /tmp/tafs/f10 
ReadS: /tmp/tafs/f10 
GetAttr: /tmp/tafs/f10 
GetAttr: /tmp/tafs/f10 
GetAttr: /tmp/tafs/f10 
GetAttr: /tmp/tafs/f10 
GetAttr: /tmp/tafs/f11 
GetAttr: /tmp/tafs/f11 
ReadS: /tmp/tafs/f11 
GetAttr: /tmp/tafs/f11 
GetAttr: /tmp/tafs/f11 
GetAttr: /tmp/tafs/f11 
GetAttr: /tmp/tafs/f11 
GetAttr: /tmp/tafs/f11 
GetAttr: /tmp/tafs/f12 
GetAttr: /tmp/tafs/f12 
ReadS: /tmp/tafs/f12 
GetAttr: /tmp/tafs/f12 
GetAttr: /tmp/tafs/f12 
GetAttr: /tmp/tafs/f12 
GetAttr: /tmp/tafs/f12 
GetAttr: /tmp/tafs/f12 
GetAttr: /tmp/tafs/f13 
GetAttr: /tmp/tafs/f13 
ReadS: /tmp/tafs/f13 
GetAttr: /tmp/tafs/f13 
GetAttr: /tmp/tafs/f13 
GetAttr: /tmp/tafs/f13 
GetAttr: /tmp/tafs/f13 
GetAttr: /tmp/tafs/f13 
GetAttr: /tmp/tafs/f14 
GetAttr: /tmp/tafs/f14 
ReadS: /tmp/tafs/f14 
GetAttr: /tmp/tafs/f14 
GetAttr: /tmp/tafs/f14 
GetAttr: /tmp/tafs/f14 
GetAttr: /tmp/tafs/f14 